!SESSION 2015-09-04 06:58:22.167 -----------------------------------------------
eclipse.buildId=4.4.1.M20140925-0400
java.version=1.7.0_40
java.vendor=Oracle Corporation
BootLoader constants: OS=win32, ARCH=x86_64, WS=win32, NL=en_US
Command-line arguments:  -os win32 -ws win32 -arch x86_64 -data C:\Users\bwhite\Documents\Eclipse\edu.csus.plugin.securecodingassistant

!ENTRY org.eclipse.core.filesystem 4 271 2015-09-04 07:01:27.565
!MESSAGE File not found: C:\Users\bwhite\Documents\Eclipse\edu.csus.plugin.securecodingassistant\edu.csus.plugin.securecodingassistant\build.properties.
!STACK 0
java.io.FileNotFoundException: C:\Users\bwhite\Documents\Eclipse\edu.csus.plugin.securecodingassistant\edu.csus.plugin.securecodingassistant\build.properties (The system cannot find the file specified)
	at java.io.FileInputStream.open(Native Method)
	at java.io.FileInputStream.<init>(FileInputStream.java:146)
	at org.eclipse.core.internal.filesystem.local.LocalFile.openInputStream(LocalFile.java:377)
	at org.eclipse.core.internal.localstore.FileSystemResourceManager.read(FileSystemResourceManager.java:797)
	at org.eclipse.core.internal.resources.File.getContents(File.java:290)
	at org.eclipse.pde.internal.core.build.WorkspaceBuildModel.load(WorkspaceBuildModel.java:67)
	at org.eclipse.pde.core.plugin.PluginRegistry.createBuildModel(PluginRegistry.java:414)
	at org.eclipse.pde.internal.core.ClasspathUtilCore.getBuild(ClasspathUtilCore.java:194)
	at org.eclipse.pde.internal.core.builders.ExtensionsErrorReporter.<init>(ExtensionsErrorReporter.java:44)
	at org.eclipse.pde.internal.core.builders.ManifestConsistencyChecker.validateFiles(ManifestConsistencyChecker.java:279)
	at org.eclipse.pde.internal.core.builders.ManifestConsistencyChecker.validateProject(ManifestConsistencyChecker.java:218)
	at org.eclipse.pde.internal.core.builders.ManifestConsistencyChecker.build(ManifestConsistencyChecker.java:152)
	at org.eclipse.core.internal.events.BuildManager$2.run(BuildManager.java:734)
	at org.eclipse.core.runtime.SafeRunner.run(SafeRunner.java:42)
	at org.eclipse.core.internal.events.BuildManager.basicBuild(BuildManager.java:206)
	at org.eclipse.core.internal.events.BuildManager.basicBuild(BuildManager.java:246)
	at org.eclipse.core.internal.events.BuildManager$1.run(BuildManager.java:299)
	at org.eclipse.core.runtime.SafeRunner.run(SafeRunner.java:42)
	at org.eclipse.core.internal.events.BuildManager.basicBuild(BuildManager.java:302)
	at org.eclipse.core.internal.events.BuildManager.basicBuildLoop(BuildManager.java:358)
	at org.eclipse.core.internal.events.BuildManager.build(BuildManager.java:381)
	at org.eclipse.core.internal.events.AutoBuildJob.doBuild(AutoBuildJob.java:143)
	at org.eclipse.core.internal.events.AutoBuildJob.run(AutoBuildJob.java:241)
	at org.eclipse.core.internal.jobs.Worker.run(Worker.java:54)

!ENTRY org.eclipse.core.filesystem 4 271 2015-09-04 07:01:27.612
!MESSAGE File not found: C:\Users\bwhite\Documents\Eclipse\edu.csus.plugin.securecodingassistant\edu.csus.plugin.securecodingassistant\build.properties.
!STACK 0
java.io.FileNotFoundException: C:\Users\bwhite\Documents\Eclipse\edu.csus.plugin.securecodingassistant\edu.csus.plugin.securecodingassistant\build.properties (The system cannot find the file specified)
	at java.io.FileInputStream.open(Native Method)
	at java.io.FileInputStream.<init>(FileInputStream.java:146)
	at org.eclipse.core.internal.filesystem.local.LocalFile.openInputStream(LocalFile.java:377)
	at org.eclipse.core.internal.localstore.FileSystemResourceManager.read(FileSystemResourceManager.java:797)
	at org.eclipse.core.internal.resources.File.getContents(File.java:290)
	at org.eclipse.pde.internal.core.build.WorkspaceBuildModel.load(WorkspaceBuildModel.java:67)
	at org.eclipse.pde.internal.core.build.BuildModel.getBuild(BuildModel.java:36)
	at org.eclipse.pde.internal.core.ClasspathUtilCore.getBuild(ClasspathUtilCore.java:195)
	at org.eclipse.pde.internal.core.builders.ExtensionsErrorReporter.<init>(ExtensionsErrorReporter.java:44)
	at org.eclipse.pde.internal.core.builders.ManifestConsistencyChecker.validateFiles(ManifestConsistencyChecker.java:279)
	at org.eclipse.pde.internal.core.builders.ManifestConsistencyChecker.validateProject(ManifestConsistencyChecker.java:218)
	at org.eclipse.pde.internal.core.builders.ManifestConsistencyChecker.build(ManifestConsistencyChecker.java:152)
	at org.eclipse.core.internal.events.BuildManager$2.run(BuildManager.java:734)
	at org.eclipse.core.runtime.SafeRunner.run(SafeRunner.java:42)
	at org.eclipse.core.internal.events.BuildManager.basicBuild(BuildManager.java:206)
	at org.eclipse.core.internal.events.BuildManager.basicBuild(BuildManager.java:246)
	at org.eclipse.core.internal.events.BuildManager$1.run(BuildManager.java:299)
	at org.eclipse.core.runtime.SafeRunner.run(SafeRunner.java:42)
	at org.eclipse.core.internal.events.BuildManager.basicBuild(BuildManager.java:302)
	at org.eclipse.core.internal.events.BuildManager.basicBuildLoop(BuildManager.java:358)
	at org.eclipse.core.internal.events.BuildManager.build(BuildManager.java:381)
	at org.eclipse.core.internal.events.AutoBuildJob.doBuild(AutoBuildJob.java:143)
	at org.eclipse.core.internal.events.AutoBuildJob.run(AutoBuildJob.java:241)
	at org.eclipse.core.internal.jobs.Worker.run(Worker.java:54)

!ENTRY org.eclipse.core.filesystem 4 271 2015-09-04 07:01:27.612
!MESSAGE File not found: C:\Users\bwhite\Documents\Eclipse\edu.csus.plugin.securecodingassistant\edu.csus.plugin.securecodingassistant\build.properties.
!STACK 0
java.io.FileNotFoundException: C:\Users\bwhite\Documents\Eclipse\edu.csus.plugin.securecodingassistant\edu.csus.plugin.securecodingassistant\build.properties (The system cannot find the file specified)
	at java.io.FileInputStream.open(Native Method)
	at java.io.FileInputStream.<init>(FileInputStream.java:146)
	at org.eclipse.core.internal.filesystem.local.LocalFile.openInputStream(LocalFile.java:377)
	at org.eclipse.core.internal.localstore.FileSystemResourceManager.read(FileSystemResourceManager.java:797)
	at org.eclipse.core.internal.resources.File.getContents(File.java:290)
	at org.eclipse.pde.internal.core.build.WorkspaceBuildModel.load(WorkspaceBuildModel.java:67)
	at org.eclipse.pde.internal.core.builders.BuildErrorReporter.validate(BuildErrorReporter.java:156)
	at org.eclipse.pde.internal.core.builders.ErrorReporter.validateContent(ErrorReporter.java:131)
	at org.eclipse.pde.internal.core.builders.ManifestConsistencyChecker.validateBuildProperties(ManifestConsistencyChecker.java:309)
	at org.eclipse.pde.internal.core.builders.ManifestConsistencyChecker.validateProject(ManifestConsistencyChecker.java:226)
	at org.eclipse.pde.internal.core.builders.ManifestConsistencyChecker.build(ManifestConsistencyChecker.java:152)
	at org.eclipse.core.internal.events.BuildManager$2.run(BuildManager.java:734)
	at org.eclipse.core.runtime.SafeRunner.run(SafeRunner.java:42)
	at org.eclipse.core.internal.events.BuildManager.basicBuild(BuildManager.java:206)
	at org.eclipse.core.internal.events.BuildManager.basicBuild(BuildManager.java:246)
	at org.eclipse.core.internal.events.BuildManager$1.run(BuildManager.java:299)
	at org.eclipse.core.runtime.SafeRunner.run(SafeRunner.java:42)
	at org.eclipse.core.internal.events.BuildManager.basicBuild(BuildManager.java:302)
	at org.eclipse.core.internal.events.BuildManager.basicBuildLoop(BuildManager.java:358)
	at org.eclipse.core.internal.events.BuildManager.build(BuildManager.java:381)
	at org.eclipse.core.internal.events.AutoBuildJob.doBuild(AutoBuildJob.java:143)
	at org.eclipse.core.internal.events.AutoBuildJob.run(AutoBuildJob.java:241)
	at org.eclipse.core.internal.jobs.Worker.run(Worker.java:54)

!ENTRY org.eclipse.core.resources 4 2 2015-09-04 07:01:28.694
!MESSAGE Problems occurred when invoking code from plug-in: "org.eclipse.core.resources".
!STACK 0
java.lang.NullPointerException
	at org.eclipse.pde.internal.core.builders.ManifestConsistencyChecker.validateManifestCasing(ManifestConsistencyChecker.java:348)
	at org.eclipse.pde.internal.core.builders.ManifestConsistencyChecker.validateProjectStructure(ManifestConsistencyChecker.java:253)
	at org.eclipse.pde.internal.core.builders.ManifestConsistencyChecker.validateProject(ManifestConsistencyChecker.java:209)
	at org.eclipse.pde.internal.core.builders.ManifestConsistencyChecker.build(ManifestConsistencyChecker.java:152)
	at org.eclipse.core.internal.events.BuildManager$2.run(BuildManager.java:734)
	at org.eclipse.core.runtime.SafeRunner.run(SafeRunner.java:42)
	at org.eclipse.core.internal.events.BuildManager.basicBuild(BuildManager.java:206)
	at org.eclipse.core.internal.events.BuildManager.basicBuild(BuildManager.java:246)
	at org.eclipse.core.internal.events.BuildManager$1.run(BuildManager.java:299)
	at org.eclipse.core.runtime.SafeRunner.run(SafeRunner.java:42)
	at org.eclipse.core.internal.events.BuildManager.basicBuild(BuildManager.java:302)
	at org.eclipse.core.internal.events.BuildManager.basicBuildLoop(BuildManager.java:358)
	at org.eclipse.core.internal.events.BuildManager.build(BuildManager.java:381)
	at org.eclipse.core.internal.events.AutoBuildJob.doBuild(AutoBuildJob.java:143)
	at org.eclipse.core.internal.events.AutoBuildJob.run(AutoBuildJob.java:241)
	at org.eclipse.core.internal.jobs.Worker.run(Worker.java:54)

!ENTRY org.eclipse.core.resources 4 75 2015-09-04 07:01:28.709
!MESSAGE Errors occurred during the build.
!SUBENTRY 1 org.eclipse.pde.core 4 75 2015-09-04 07:01:28.709
!MESSAGE Errors running builder 'Plug-in Manifest Builder' on project 'edu.csus.plugin.securecodingassistant'.
!STACK 0
java.lang.NullPointerException
	at org.eclipse.pde.internal.core.builders.ManifestConsistencyChecker.validateManifestCasing(ManifestConsistencyChecker.java:348)
	at org.eclipse.pde.internal.core.builders.ManifestConsistencyChecker.validateProjectStructure(ManifestConsistencyChecker.java:253)
	at org.eclipse.pde.internal.core.builders.ManifestConsistencyChecker.validateProject(ManifestConsistencyChecker.java:209)
	at org.eclipse.pde.internal.core.builders.ManifestConsistencyChecker.build(ManifestConsistencyChecker.java:152)
	at org.eclipse.core.internal.events.BuildManager$2.run(BuildManager.java:734)
	at org.eclipse.core.runtime.SafeRunner.run(SafeRunner.java:42)
	at org.eclipse.core.internal.events.BuildManager.basicBuild(BuildManager.java:206)
	at org.eclipse.core.internal.events.BuildManager.basicBuild(BuildManager.java:246)
	at org.eclipse.core.internal.events.BuildManager$1.run(BuildManager.java:299)
	at org.eclipse.core.runtime.SafeRunner.run(SafeRunner.java:42)
	at org.eclipse.core.internal.events.BuildManager.basicBuild(BuildManager.java:302)
	at org.eclipse.core.internal.events.BuildManager.basicBuildLoop(BuildManager.java:358)
	at org.eclipse.core.internal.events.BuildManager.build(BuildManager.java:381)
	at org.eclipse.core.internal.events.AutoBuildJob.doBuild(AutoBuildJob.java:143)
	at org.eclipse.core.internal.events.AutoBuildJob.run(AutoBuildJob.java:241)
	at org.eclipse.core.internal.jobs.Worker.run(Worker.java:54)

!ENTRY org.eclipse.ui.ide 4 4 2015-09-04 07:01:31.194
!MESSAGE Problems saving workspace

!ENTRY org.eclipse.ui.ide 2 1 2015-09-04 07:01:31.194
!MESSAGE Problems occurred while trying to save the state of the workbench.
!SUBENTRY 1 org.eclipse.core.resources 2 234 2015-09-04 07:01:31.194
!MESSAGE The project description file (.project) for 'edu.csus.plugin.securecodingassistant' was missing.  This file contains important information about the project.  A new project description file has been created, but some information about the project may have been lost.
!SESSION 2015-09-04 07:02:19.557 -----------------------------------------------
eclipse.buildId=4.4.1.M20140925-0400
java.version=1.7.0_40
java.vendor=Oracle Corporation
BootLoader constants: OS=win32, ARCH=x86_64, WS=win32, NL=en_US
Command-line arguments:  -os win32 -ws win32 -arch x86_64 -data C:\Users\bwhite\Documents\Eclipse

!ENTRY org.eclipse.core.resources 2 10035 2015-09-04 07:02:21.589
!MESSAGE The workspace exited with unsaved changes in the previous session; refreshing workspace to recover changes.
